C51 COMPILER V9.59.0.0   CONFIG                                                            12/21/2022 12:32:09 PAGE 1   


C51 COMPILER V9.59.0.0, COMPILATION OF MODULE CONFIG
OBJECT MODULE PLACED IN config.OBJ
COMPILER INVOKED BY: C:\Keil_v5\C51\BIN\c51.exe config.c DB OE BR INCDIR(c:\SiLabs\MCU\Inc)

line level    source

   1          /////////////////////////////////////
   2          //  Generated Initialization File  //
   3          /////////////////////////////////////
   4          
   5          #include "c8051f300.h"
   6          
   7          // Peripheral specific initialization functions,
   8          // Called from the Init_Device() function
   9          void Reset_Sources_Init()
  10          {
  11   1          RSTSRC    = 0x04;
  12   1      }
  13          
  14          void PCA_Init()
  15          {
  16   1          PCA0MD    &= ~0x40;
  17   1          PCA0MD    = 0x00;
  18   1      }
  19          
  20          void Timer_Init()
  21          {
  22   1          TCON      = 0x10;
  23   1          TMOD      = 0x02;
  24   1          CKCON     = 0x02;
  25   1          TH0       = 0x56;
  26   1      }
  27          
  28          void UART_Init()
  29          {
  30   1      
  31   1      }
  32          
  33          void ADC_Init()
  34          {
  35   1      
  36   1      }
  37          
  38          void Voltage_Reference_Init()
  39          {
  40   1      
  41   1      }
  42          
  43          void Port_IO_Init()
  44          {
  45   1      
  46   1          //P0MDOUT   = 0x04;
  47   1              P0MDOUT   = 0x04;
  48   1          XBR2      = 0x40;
  49   1      }
  50          
  51          void Oscillator_Init()
  52          {
  53   1          OSCICN    = 0x07;
  54   1      }
  55          
C51 COMPILER V9.59.0.0   CONFIG                                                            12/21/2022 12:32:09 PAGE 2   

  56          void Interrupts_Init()
  57          {
  58   1          IE        = 0x82;
  59   1      }
  60          
  61          // Initialization function for device,
  62          // Call Init_Device() from your main program
  63          void Init_Device(void)
  64          {
  65   1          Reset_Sources_Init();
  66   1          PCA_Init();
  67   1          Timer_Init();
  68   1          UART_Init();
  69   1          ADC_Init();
  70   1          Voltage_Reference_Init();
  71   1          Port_IO_Init();
  72   1          Oscillator_Init();
  73   1          Interrupts_Init();
  74   1      }


MODULE INFORMATION:   STATIC OVERLAYABLE
   CODE SIZE        =     69    ----
   CONSTANT SIZE    =   ----    ----
   XDATA SIZE       =   ----    ----
   PDATA SIZE       =   ----    ----
   DATA SIZE        =   ----    ----
   IDATA SIZE       =   ----    ----
   BIT SIZE         =   ----    ----
END OF MODULE INFORMATION.


C51 COMPILATION COMPLETE.  0 WARNING(S),  0 ERROR(S)
