C51 COMPILER V9.59.0.0   PRIM2                                                             12/21/2022 12:32:09 PAGE 1   


C51 COMPILER V9.59.0.0, COMPILATION OF MODULE PRIM2
OBJECT MODULE PLACED IN prim2.OBJ
COMPILER INVOKED BY: C:\Keil_v5\C51\BIN\c51.exe prim2.c DB OE BR INCDIR(c:\SiLabs\MCU\Inc)

line level    source

   1          #include "c8051F300.h"
   2          #include <stdio.h>    
   3          #include <float.h>
   4          
   5          
   6          #define MAX_STEPS 7
   7          
   8          sbit ENTRADA = P0^3;
   9          
  10          sbit LED     = P0^2;
  11          
  12          int contador = 0;
  13          
  14          unsigned char entrada_old = 0; 
  15          unsigned char entrada     = 0;
  16          unsigned char power[MAX_STEPS] = {0,1,2,3,5,7,10};
  17          unsigned char cnt         = 0;
  18          unsigned char flag_int    = 0;
  19          
  20          extern void Init_Device();
  21          
  22          //--------------------------------------------------------------------------------------------
  23          //TRATAMIENTO DE LAS INTERRUPCIONES
  24          //--------------------------------------------------------------------------------------------
  25          
  26          //----------------------------------------------------------------------------------------------------
  27          void int_timer0() interrupt 1   
  28          {
  29   1         //actualizamos en pasos de 10.
  30   1         contador++;
  31   1         if (contador>9)
  32   1         {
  33   2            contador = 0;
  34   2            flag_int = 1;
  35   2         }
  36   1      
  37   1         if (contador<power[cnt])
  38   1         {
  39   2            LED = 1;
  40   2         }
  41   1         else
  42   1         {
  43   2            LED = 0;
  44   2         }
  45   1         
  46   1      } 
  47                  
  48          //----------------------------------------------------------------------------------------------------
  49          void main (void) {
  50   1      
  51   1          Init_Device();
  52   1      
  53   1              while(1)
  54   1              {
  55   2              
C51 COMPILER V9.59.0.0   PRIM2                                                             12/21/2022 12:32:09 PAGE 2   

  56   2                       entrada_old = (unsigned char)entrada;
  57   2                       entrada     = (unsigned char)ENTRADA;
  58   2               
  59   2                       //cada pulsación, da más power
  60   2                       if((entrada==0)&&(entrada_old!=entrada)&&flag_int==1)
  61   2                       {
  62   3                       cnt++;
  63   3                               flag_int = 0;
  64   3                               if (cnt > MAX_STEPS-1)
  65   3                                      cnt = 0;
  66   3                               
  67   3                       }
  68   2              
  69   2              };
  70   1      
  71   1      
  72   1      }//fin main
  73          


MODULE INFORMATION:   STATIC OVERLAYABLE
   CODE SIZE        =    119    ----
   CONSTANT SIZE    =   ----    ----
   XDATA SIZE       =   ----    ----
   PDATA SIZE       =   ----    ----
   DATA SIZE        =     13    ----
   IDATA SIZE       =   ----    ----
   BIT SIZE         =   ----    ----
END OF MODULE INFORMATION.


C51 COMPILATION COMPLETE.  0 WARNING(S),  0 ERROR(S)
